2022-11-01T20:53:46.742Z [monitoring-api] error GET  - Method GET; URL /auth; Error msg: This authorization code has been used.
2022-11-01T20:57:37.786Z [monitoring-api] error GET  - Method GET; URL /auth; Error msg: This authorization code has been used.
2022-11-02T16:00:43.619Z [monitoring-api] info POST /urls - {"url_id":1,"url":"https://imovel.br.com","user_id":"2181350602051173"}
2022-11-02T16:04:09.326Z [monitoring-api] info POST /urls - {"url_id":2,"url":"http://google.com","user_id":"2181350602051173"}
2022-11-02T16:05:39.570Z [monitoring-api] info POST /urls - {"url_id":3,"url":"http://www.google.com.br","user_id":"2181350602051173"}
2022-11-02T23:38:17.858Z [monitoring-api] info GET /urls - User Id 2181350602051173
2022-11-02T23:38:17.898Z [monitoring-api] info GET /urls - User Id 2181350602051173
2022-11-02T23:41:15.825Z [monitoring-api] info GET /urls - User Id 2181350602051173
2022-11-02T23:41:15.851Z [monitoring-api] info GET /urls - User Id 2181350602051173
2022-11-02T23:46:12.795Z [monitoring-api] error GET  - Method GET; URL /urls; Error msg: bind message supplies 1 parameters, but prepared statement "" requires 0
2022-11-02T23:46:12.826Z [monitoring-api] error GET  - Method GET; URL /urls; Error msg: bind message supplies 1 parameters, but prepared statement "" requires 0
2022-11-02T23:46:18.053Z [monitoring-api] error GET  - Method GET; URL /urls; Error msg: bind message supplies 1 parameters, but prepared statement "" requires 0
2022-11-02T23:46:18.079Z [monitoring-api] error GET  - Method GET; URL /urls; Error msg: bind message supplies 1 parameters, but prepared statement "" requires 0
2022-11-02T23:46:33.374Z [monitoring-api] error GET  - Method GET; URL /urls; Error msg: bind message supplies 1 parameters, but prepared statement "" requires 0
2022-11-02T23:46:33.399Z [monitoring-api] error GET  - Method GET; URL /urls; Error msg: bind message supplies 1 parameters, but prepared statement "" requires 0
2022-11-02T23:46:36.274Z [monitoring-api] error GET  - Method GET; URL /urls; Error msg: bind message supplies 1 parameters, but prepared statement "" requires 0
2022-11-02T23:46:36.293Z [monitoring-api] error GET  - Method GET; URL /urls; Error msg: bind message supplies 1 parameters, but prepared statement "" requires 0
2022-11-02T23:47:36.167Z [monitoring-api] info GET /urls - User Id 2181350602051173
2022-11-02T23:47:36.198Z [monitoring-api] info GET /urls - User Id 2181350602051173
2022-11-02T23:54:06.545Z [monitoring-api] info GET /urls - User Id 2181350602051173
2022-11-02T23:54:06.571Z [monitoring-api] info GET /urls - User Id 2181350602051173
2022-11-03T00:04:20.010Z [monitoring-api] info GET /urls - User Id 2181350602051173
2022-11-03T00:04:28.927Z [monitoring-api] info GET /urls - User Id 2181350602051173
2022-11-03T00:05:38.255Z [monitoring-api] info GET /urls - User Id 2181350602051173
2022-11-03T00:06:08.607Z [monitoring-api] info GET /urls - User Id 2181350602051173
2022-11-03T00:09:03.668Z [monitoring-api] info GET /urls - User Id 2181350602051173
2022-11-03T00:09:34.668Z [monitoring-api] info GET /urls - User Id 2181350602051173
2022-11-03T00:11:49.240Z [monitoring-api] info GET /urls - User Id 2181350602051173
2022-11-03T00:11:49.583Z [monitoring-api] info GET /urls - User Id 2181350602051173
2022-11-03T00:12:18.405Z [monitoring-api] info GET /urls - User Id 2181350602051173
2022-11-03T00:14:22.728Z [monitoring-api] info GET /urls - User Id 2181350602051173
2022-11-03T00:14:23.039Z [monitoring-api] info GET /urls - User Id 2181350602051173
2022-11-03T00:14:31.582Z [monitoring-api] info GET /urls - User Id 2181350602051173
2022-11-03T00:14:45.697Z [monitoring-api] info GET /urls - User Id 2181350602051173
2022-11-03T00:16:04.720Z [monitoring-api] info GET /urls - User Id 2181350602051173
2022-11-03T00:16:48.707Z [monitoring-api] info GET /urls - User Id 2181350602051173
2022-11-03T00:17:07.685Z [monitoring-api] info GET /urls - User Id 2181350602051173
2022-11-03T00:19:13.315Z [monitoring-api] info GET /urls - User Id 2181350602051173
2022-11-03T00:19:28.641Z [monitoring-api] info GET /urls - User Id 2181350602051173
2022-11-03T00:19:38.067Z [monitoring-api] info GET /urls - User Id 2181350602051173
2022-11-03T00:19:56.191Z [monitoring-api] info GET /urls - User Id 2181350602051173
2022-11-03T00:20:15.629Z [monitoring-api] info GET /urls - User Id 2181350602051173
2022-11-03T00:20:21.616Z [monitoring-api] info GET /urls - User Id 2181350602051173
2022-11-03T00:20:32.634Z [monitoring-api] info GET /urls - User Id 2181350602051173
2022-11-03T00:20:41.540Z [monitoring-api] info GET /urls - User Id 2181350602051173
2022-11-03T00:20:46.559Z [monitoring-api] info GET /urls - User Id 2181350602051173
2022-11-03T00:20:46.871Z [monitoring-api] info GET /urls - User Id 2181350602051173
2022-11-03T20:52:17.617Z [monitoring-api] info GET /urls - User Id 2181350602051173
2022-11-03T20:52:17.936Z [monitoring-api] info GET /urls - User Id 2181350602051173
2022-11-03T20:52:32.938Z [monitoring-api] info POST /urls - {"url_id":1,"url":"https://imovel.br.com","user_id":"2181350602051173","created_at":"2022-11-03T20:52:32.913Z"}
2022-11-03T20:52:34.540Z [monitoring-api] info GET /urls - User Id 2181350602051173
2022-11-03T20:52:34.860Z [monitoring-api] info GET /urls - User Id 2181350602051173
2022-11-03T20:53:50.876Z [monitoring-api] info POST /urls - {"url_id":2,"url":"https://www.zapimoveis.com.br","user_id":"2181350602051173","created_at":"2022-11-03T20:53:50.857Z"}
2022-11-03T20:54:46.486Z [monitoring-api] info POST /urls - {"url_id":3,"url":"https://www.vivareal.com.br/","user_id":"2181350602051173","created_at":"2022-11-03T20:54:46.465Z"}
2022-11-03T20:56:11.125Z [monitoring-api] info GET /urls - User Id 2181350602051173
2022-11-03T20:56:11.505Z [monitoring-api] info GET /urls - User Id 2181350602051173
2022-11-03T20:59:46.292Z [monitoring-api] info GET /urls - User Id 2181350602051173
2022-11-03T20:59:46.605Z [monitoring-api] info GET /urls - User Id 2181350602051173
2022-11-03T20:59:48.057Z [monitoring-api] info GET /urls - User Id 2181350602051173
2022-11-03T20:59:48.380Z [monitoring-api] info GET /urls - User Id 2181350602051173
2022-11-03T22:05:31.338Z [monitoring-api] info GET /urls - User Id 2181350602051173
2022-11-03T22:05:31.639Z [monitoring-api] info GET /urls - User Id 2181350602051173
2022-11-03T22:05:38.024Z [monitoring-api] info GET /urls - User Id 2181350602051173
2022-11-03T22:05:38.415Z [monitoring-api] info GET /urls - User Id 2181350602051173
2022-11-03T22:05:58.832Z [monitoring-api] info GET /urls - User Id 2181350602051173
2022-11-03T22:05:59.135Z [monitoring-api] info GET /urls - User Id 2181350602051173
2022-11-03T22:06:01.908Z [monitoring-api] info GET /urls - User Id 2181350602051173
2022-11-03T22:06:02.207Z [monitoring-api] info GET /urls - User Id 2181350602051173
2022-11-03T22:06:53.974Z [monitoring-api] info GET /urls - User Id 2181350602051173
2022-11-03T22:06:54.281Z [monitoring-api] info GET /urls - User Id 2181350602051173
2022-11-03T22:07:03.264Z [monitoring-api] info GET /urls - User Id 2181350602051173
2022-11-03T22:07:03.639Z [monitoring-api] info GET /urls - User Id 2181350602051173
2022-11-03T22:10:10.041Z [monitoring-api] info GET /urls - User Id 2181350602051173
2022-11-03T22:10:24.926Z [monitoring-api] info GET /urls - User Id 2181350602051173
2022-11-03T22:10:25.245Z [monitoring-api] info GET /urls - User Id 2181350602051173
2022-11-03T22:12:08.140Z [monitoring-api] info GET /urls - User Id 2181350602051173
2022-11-03T22:12:08.457Z [monitoring-api] info GET /urls - User Id 2181350602051173
2022-11-03T22:12:09.612Z [monitoring-api] info GET /urls - User Id 2181350602051173
2022-11-03T22:12:09.967Z [monitoring-api] info GET /urls - User Id 2181350602051173
2022-11-03T22:12:11.262Z [monitoring-api] info GET /urls - User Id 2181350602051173
2022-11-03T22:12:11.561Z [monitoring-api] info GET /urls - User Id 2181350602051173
2022-11-03T22:12:14.814Z [monitoring-api] info GET /urls - User Id 2181350602051173
2022-11-03T22:12:15.192Z [monitoring-api] info GET /urls - User Id 2181350602051173
2022-11-03T22:12:37.323Z [monitoring-api] info GET /urls - User Id 2181350602051173
2022-11-03T22:12:37.622Z [monitoring-api] info GET /urls - User Id 2181350602051173
2022-11-03T22:14:15.631Z [monitoring-api] info GET /urls - User Id 2181350602051173
2022-11-03T22:14:15.933Z [monitoring-api] info GET /urls - User Id 2181350602051173
2022-11-03T22:16:38.339Z [monitoring-api] info GET /urls - User Id 2181350602051173
2022-11-03T22:16:38.660Z [monitoring-api] info GET /urls - User Id 2181350602051173
2022-11-03T22:16:40.009Z [monitoring-api] info GET /urls - User Id 2181350602051173
2022-11-03T22:16:40.322Z [monitoring-api] info GET /urls - User Id 2181350602051173
2022-11-03T22:16:42.725Z [monitoring-api] info GET /urls - User Id 2181350602051173
2022-11-03T22:16:43.053Z [monitoring-api] info GET /urls - User Id 2181350602051173
2022-11-03T22:16:51.698Z [monitoring-api] info GET /urls - User Id 2181350602051173
2022-11-03T22:16:52.009Z [monitoring-api] info GET /urls - User Id 2181350602051173
2022-11-04T11:11:59.677Z [monitoring-api] info GET /urls - User Id 2181350602051173
2022-11-04T11:11:59.997Z [monitoring-api] info GET /urls - User Id 2181350602051173
2022-11-04T11:14:22.918Z [monitoring-api] info GET /urls - User Id 2181350602051173
2022-11-04T11:14:23.227Z [monitoring-api] info GET /urls - User Id 2181350602051173
2022-11-04T11:15:43.695Z [monitoring-api] info GET /urls - User Id 2181350602051173
2022-11-04T11:15:48.103Z [monitoring-api] info GET /urls - User Id 2181350602051173
2022-11-04T11:15:48.435Z [monitoring-api] info GET /urls - User Id 2181350602051173
2022-11-04T11:16:27.882Z [monitoring-api] info GET /urls - User Id 2181350602051173
2022-11-04T11:16:28.187Z [monitoring-api] info GET /urls - User Id 2181350602051173
2022-11-04T11:16:36.083Z [monitoring-api] info GET /urls - User Id 2181350602051173
2022-11-04T11:16:36.398Z [monitoring-api] info GET /urls - User Id 2181350602051173
2022-11-04T11:21:58.075Z [monitoring-api] info GET /urls - User Id 2181350602051173
2022-11-04T11:21:58.380Z [monitoring-api] info GET /urls - User Id 2181350602051173
2022-11-04T13:28:51.611Z [monitoring-api] info GET /urls - User Id 2181350602051173
2022-11-04T13:28:51.923Z [monitoring-api] info GET /urls - User Id 2181350602051173
2022-11-04T13:28:52.499Z [monitoring-api] info GET /urls - User Id 2181350602051173
2022-11-04T13:28:52.807Z [monitoring-api] info GET /urls - User Id 2181350602051173
2022-11-04T15:30:12.640Z [monitoring-api] info GET /urls - User Id 2181350602051173
2022-11-04T15:30:12.976Z [monitoring-api] info GET /urls - User Id 2181350602051173
2022-11-04T16:19:15.289Z [monitoring-api] info GET /urls - User Id 2181350602051173
2022-11-04T16:19:23.094Z [monitoring-api] info GET /urls - User Id 2181350602051173
2022-11-04T16:19:33.315Z [monitoring-api] info GET /urls - User Id 2181350602051173
2022-11-04T16:19:42.402Z [monitoring-api] info GET /urls - User Id 2181350602051173
2022-11-04T16:20:18.148Z [monitoring-api] info GET /urls - User Id 2181350602051173
2022-11-04T16:21:37.200Z [monitoring-api] info GET /urls - User Id 2181350602051173
2022-11-04T16:21:37.536Z [monitoring-api] info GET /urls - User Id 2181350602051173
2022-11-04T16:21:59.699Z [monitoring-api] info GET /urls - User Id 2181350602051173
2022-11-04T16:23:11.841Z [monitoring-api] info GET /urls - User Id 2181350602051173
2022-11-04T16:23:20.640Z [monitoring-api] info GET /urls - User Id 2181350602051173
2022-11-04T16:23:44.021Z [monitoring-api] info GET /urls - User Id 2181350602051173
2022-11-04T16:23:51.860Z [monitoring-api] info GET /urls - User Id 2181350602051173
2022-11-04T16:23:58.761Z [monitoring-api] info GET /urls - User Id 2181350602051173
2022-11-04T16:24:30.118Z [monitoring-api] info GET /urls - User Id 2181350602051173
2022-11-04T16:25:14.490Z [monitoring-api] info GET /urls - User Id 2181350602051173
2022-11-04T16:25:14.823Z [monitoring-api] info GET /urls - User Id 2181350602051173
2022-11-04T16:25:27.755Z [monitoring-api] info GET /urls - User Id 2181350602051173
2022-11-04T16:25:51.625Z [monitoring-api] info GET /urls - User Id 2181350602051173
2022-11-04T16:26:08.293Z [monitoring-api] info GET /urls - User Id 2181350602051173
2022-11-04T16:27:07.597Z [monitoring-api] info GET /urls - User Id 2181350602051173
2022-11-04T16:27:41.867Z [monitoring-api] info GET /urls - User Id 2181350602051173
2022-11-04T16:28:28.156Z [monitoring-api] info GET /urls - User Id 2181350602051173
2022-11-04T16:28:56.948Z [monitoring-api] info GET /urls - User Id 2181350602051173
2022-11-04T16:29:48.468Z [monitoring-api] info GET /urls - User Id 2181350602051173
2022-11-04T16:29:52.243Z [monitoring-api] info GET /urls - User Id 2181350602051173
2022-11-04T16:30:00.579Z [monitoring-api] info GET /urls - User Id 2181350602051173
2022-11-04T16:30:06.737Z [monitoring-api] info GET /urls - User Id 2181350602051173
2022-11-04T16:30:52.918Z [monitoring-api] info GET /urls - User Id 2181350602051173
2022-11-04T16:30:59.833Z [monitoring-api] info GET /urls - User Id 2181350602051173
2022-11-04T16:31:16.122Z [monitoring-api] info GET /urls - User Id 2181350602051173
2022-11-04T16:31:19.925Z [monitoring-api] info GET /urls - User Id 2181350602051173
2022-11-04T16:31:20.252Z [monitoring-api] info GET /urls - User Id 2181350602051173
2022-11-04T16:31:33.462Z [monitoring-api] info GET /urls - User Id 2181350602051173
2022-11-04T16:31:43.854Z [monitoring-api] info GET /urls - User Id 2181350602051173
2022-11-04T16:31:53.688Z [monitoring-api] info GET /urls - User Id 2181350602051173
2022-11-04T16:35:23.817Z [monitoring-api] info GET /urls - User Id 2181350602051173
2022-11-04T16:35:24.129Z [monitoring-api] info GET /urls - User Id 2181350602051173
2022-11-04T16:38:44.644Z [monitoring-api] info GET /urls - User Id 2181350602051173
2022-11-04T16:38:44.957Z [monitoring-api] info GET /urls - User Id 2181350602051173
2022-11-04T18:08:53.941Z [monitoring-api] info GET /urls - User Id 2181350602051173
2022-11-04T18:08:54.288Z [monitoring-api] info GET /urls - User Id 2181350602051173
2022-11-04T18:08:58.865Z [monitoring-api] info GET /urls - User Id 2181350602051173
2022-11-04T18:08:59.176Z [monitoring-api] info GET /urls - User Id 2181350602051173
2022-11-04T18:10:31.733Z [monitoring-api] info GET /urls - User Id 2181350602051173
2022-11-04T18:10:32.116Z [monitoring-api] info GET /urls - User Id 2181350602051173
2022-11-04T18:13:22.967Z [monitoring-api] info GET /urls - User Id 2181350602051173
2022-11-04T18:13:23.266Z [monitoring-api] info GET /urls - User Id 2181350602051173
2022-11-04T18:15:07.523Z [monitoring-api] info GET /urls - User Id 2181350602051173
2022-11-04T18:16:27.083Z [monitoring-api] info GET /urls - User Id 2181350602051173
2022-11-04T18:16:35.729Z [monitoring-api] info GET /urls - User Id 2181350602051173
2022-11-04T18:18:17.059Z [monitoring-api] info GET /urls - User Id 2181350602051173
2022-11-04T18:18:44.374Z [monitoring-api] info GET /urls - User Id 2181350602051173
2022-11-04T18:18:44.676Z [monitoring-api] info GET /urls - User Id 2181350602051173
2022-11-04T18:22:44.346Z [monitoring-api] info GET /urls - User Id 2181350602051173
2022-11-04T18:23:13.044Z [monitoring-api] info GET /urls - User Id 2181350602051173
2022-11-04T18:23:36.780Z [monitoring-api] info GET /urls - User Id 2181350602051173
2022-11-04T18:23:47.692Z [monitoring-api] info GET /urls - User Id 2181350602051173
2022-11-04T18:23:56.907Z [monitoring-api] info GET /urls - User Id 2181350602051173
2022-11-04T18:25:50.577Z [monitoring-api] info GET /urls - User Id 2181350602051173
2022-11-04T18:26:15.390Z [monitoring-api] info GET /urls - User Id 2181350602051173
2022-11-04T18:27:34.672Z [monitoring-api] info GET /urls - User Id 2181350602051173
2022-11-04T18:29:07.876Z [monitoring-api] info GET /urls - User Id 2181350602051173
2022-11-04T18:29:33.540Z [monitoring-api] info GET /urls - User Id 2181350602051173
2022-11-04T18:29:52.554Z [monitoring-api] info GET /urls - User Id 2181350602051173
2022-11-04T18:32:57.083Z [monitoring-api] info GET /urls - User Id 2181350602051173
2022-11-04T18:33:11.456Z [monitoring-api] info GET /urls - User Id 2181350602051173
2022-11-04T18:33:23.394Z [monitoring-api] info GET /urls - User Id 2181350602051173
2022-11-04T18:44:57.869Z [monitoring-api] info GET /urls - User Id 2181350602051173
2022-11-04T18:45:02.919Z [monitoring-api] info GET /urls - User Id 2181350602051173
2022-11-04T18:45:30.668Z [monitoring-api] info GET /urls - User Id 2181350602051173
2022-11-04T18:45:51.185Z [monitoring-api] info GET /urls - User Id 2181350602051173
2022-11-04T18:46:02.816Z [monitoring-api] info GET /urls - User Id 2181350602051173
2022-11-04T18:53:22.113Z [monitoring-api] info GET /urls - User Id 2181350602051173
2022-11-04T18:53:22.483Z [monitoring-api] info GET /urls - User Id 2181350602051173
2022-11-04T18:54:18.087Z [monitoring-api] info GET /urls - User Id 2181350602051173
2022-11-04T18:54:33.349Z [monitoring-api] info GET /urls - User Id 2181350602051173
2022-11-04T18:57:53.528Z [monitoring-api] info GET /urls - User Id 2181350602051173
2022-11-04T18:58:08.100Z [monitoring-api] info GET /urls - User Id 2181350602051173
2022-11-04T18:59:43.526Z [monitoring-api] info GET /urls - User Id 2181350602051173
2022-11-04T19:00:17.007Z [monitoring-api] info GET /urls - User Id 2181350602051173
2022-11-04T19:00:50.808Z [monitoring-api] info GET /urls - User Id 2181350602051173
2022-11-04T19:01:01.588Z [monitoring-api] info GET /urls - User Id 2181350602051173
2022-11-04T19:01:29.679Z [monitoring-api] info GET /urls - User Id 2181350602051173
2022-11-04T19:03:36.234Z [monitoring-api] info GET /urls - User Id 2181350602051173
2022-11-04T19:03:42.135Z [monitoring-api] info GET /urls - User Id 2181350602051173
2022-11-04T19:03:58.837Z [monitoring-api] info GET /urls - User Id 2181350602051173
2022-11-04T19:04:07.239Z [monitoring-api] info GET /urls - User Id 2181350602051173
2022-11-04T19:04:24.084Z [monitoring-api] info GET /urls - User Id 2181350602051173
2022-11-04T19:04:29.898Z [monitoring-api] info GET /urls - User Id 2181350602051173
2022-11-04T19:04:50.029Z [monitoring-api] info GET /urls - User Id 2181350602051173
2022-11-04T19:04:57.135Z [monitoring-api] info GET /urls - User Id 2181350602051173
2022-11-04T19:05:04.182Z [monitoring-api] info GET /urls - User Id 2181350602051173
2022-11-04T19:05:15.504Z [monitoring-api] info GET /urls - User Id 2181350602051173
2022-11-04T20:19:45.354Z [monitoring-api] info GET /urls - User Id 2181350602051173
2022-11-04T20:19:45.648Z [monitoring-api] info GET /urls - User Id 2181350602051173
2022-11-04T20:20:00.712Z [monitoring-api] info GET /urls - User Id 2181350602051173
2022-11-04T20:20:01.051Z [monitoring-api] info GET /urls - User Id 2181350602051173
2022-11-04T20:20:22.645Z [monitoring-api] info GET /urls - User Id 2181350602051173
2022-11-04T20:20:56.139Z [monitoring-api] info GET /urls - User Id 2181350602051173
2022-11-04T20:22:11.047Z [monitoring-api] info GET /urls - User Id 2181350602051173
2022-11-04T20:22:40.933Z [monitoring-api] info GET /urls - User Id 2181350602051173
2022-11-04T20:27:36.807Z [monitoring-api] info GET /urls - User Id 2181350602051173
2022-11-04T20:27:37.121Z [monitoring-api] info GET /urls - User Id 2181350602051173
2022-11-04T20:27:50.606Z [monitoring-api] info GET /urls - User Id 2181350602051173
2022-11-04T20:28:18.985Z [monitoring-api] info GET /urls - User Id 2181350602051173
2022-11-04T20:28:19.364Z [monitoring-api] info GET /urls - User Id 2181350602051173
2022-11-04T20:29:58.425Z [monitoring-api] info GET /urls - User Id 2181350602051173
2022-11-04T20:30:02.093Z [monitoring-api] info GET /urls - User Id 2181350602051173
2022-11-04T20:30:02.394Z [monitoring-api] info GET /urls - User Id 2181350602051173
2022-11-04T20:30:14.924Z [monitoring-api] info GET /urls - User Id 2181350602051173
2022-11-04T20:30:30.572Z [monitoring-api] info GET /urls - User Id 2181350602051173
2022-11-04T20:30:56.658Z [monitoring-api] info GET /urls - User Id 2181350602051173
2022-11-04T20:31:40.884Z [monitoring-api] info GET /urls - User Id 2181350602051173
2022-11-04T20:32:28.114Z [monitoring-api] info GET /urls - User Id 2181350602051173
2022-11-04T20:32:41.098Z [monitoring-api] info GET /urls - User Id 2181350602051173
2022-11-04T20:32:46.280Z [monitoring-api] info GET /urls - User Id 2181350602051173
2022-11-04T20:32:46.608Z [monitoring-api] info GET /urls - User Id 2181350602051173
2022-11-04T20:33:06.549Z [monitoring-api] info GET /urls - User Id 2181350602051173
2022-11-04T20:33:46.448Z [monitoring-api] info GET /urls - User Id 2181350602051173
2022-11-04T20:35:18.995Z [monitoring-api] info GET /urls - User Id 2181350602051173
2022-11-04T20:35:19.321Z [monitoring-api] info GET /urls - User Id 2181350602051173
2022-11-04T20:35:22.066Z [monitoring-api] info GET /urls - User Id 2181350602051173
2022-11-04T20:35:22.393Z [monitoring-api] info GET /urls - User Id 2181350602051173
2022-11-04T20:36:06.651Z [monitoring-api] info GET /urls - User Id 2181350602051173
2022-11-04T20:36:06.953Z [monitoring-api] info GET /urls - User Id 2181350602051173
2022-11-04T20:38:39.834Z [monitoring-api] info GET /urls - User Id 2181350602051173
2022-11-04T20:38:40.141Z [monitoring-api] info GET /urls - User Id 2181350602051173
2022-11-04T20:39:35.369Z [monitoring-api] info GET /urls - User Id 2181350602051173
2022-11-04T20:39:41.986Z [monitoring-api] info GET /urls - User Id 2181350602051173
2022-11-04T20:39:53.981Z [monitoring-api] info GET /urls - User Id 2181350602051173
2022-11-04T20:40:00.908Z [monitoring-api] info GET /urls - User Id 2181350602051173
2022-11-04T20:40:21.645Z [monitoring-api] info GET /urls - User Id 2181350602051173
2022-11-04T20:40:28.604Z [monitoring-api] info GET /urls - User Id 2181350602051173
2022-11-04T20:40:39.962Z [monitoring-api] info GET /urls - User Id 2181350602051173
2022-11-04T20:40:49.293Z [monitoring-api] info GET /urls - User Id 2181350602051173
2022-11-04T20:40:54.227Z [monitoring-api] info GET /urls - User Id 2181350602051173
2022-11-04T20:41:03.720Z [monitoring-api] info GET /urls - User Id 2181350602051173
2022-11-04T20:41:13.003Z [monitoring-api] info GET /urls - User Id 2181350602051173
2022-11-04T20:41:27.813Z [monitoring-api] info GET /urls - User Id 2181350602051173
2022-11-04T20:43:17.739Z [monitoring-api] info GET /urls - User Id 2181350602051173
2022-11-04T20:43:31.190Z [monitoring-api] info GET /urls - User Id 2181350602051173
2022-11-04T20:43:36.896Z [monitoring-api] info GET /urls - User Id 2181350602051173
2022-11-04T20:48:08.053Z [monitoring-api] info GET /urls - User Id 2181350602051173
2022-11-04T20:48:08.358Z [monitoring-api] info GET /urls - User Id 2181350602051173
2022-11-04T20:48:12.974Z [monitoring-api] info GET /urls - User Id 2181350602051173
2022-11-04T20:48:13.282Z [monitoring-api] info GET /urls - User Id 2181350602051173
2022-11-04T20:48:27.193Z [monitoring-api] info GET /urls - User Id 2181350602051173
2022-11-04T20:48:27.490Z [monitoring-api] info GET /urls - User Id 2181350602051173
2022-11-04T20:48:40.952Z [monitoring-api] info GET /urls - User Id 2181350602051173
2022-11-04T20:48:41.262Z [monitoring-api] info GET /urls - User Id 2181350602051173
2022-11-04T20:50:04.807Z [monitoring-api] info GET /urls - User Id 2181350602051173
2022-11-04T20:50:12.813Z [monitoring-api] info GET /urls - User Id 2181350602051173
2022-11-04T20:50:13.113Z [monitoring-api] info GET /urls - User Id 2181350602051173
2022-11-04T20:50:24.600Z [monitoring-api] info GET /urls - User Id 2181350602051173
2022-11-04T20:50:37.176Z [monitoring-api] info GET /urls - User Id 2181350602051173
2022-11-04T20:50:37.486Z [monitoring-api] info GET /urls - User Id 2181350602051173
2022-11-04T20:51:17.332Z [monitoring-api] info GET /urls - User Id 2181350602051173
2022-11-04T20:52:13.672Z [monitoring-api] info GET /urls - User Id 2181350602051173
2022-11-04T20:52:37.208Z [monitoring-api] info GET /urls - User Id 2181350602051173
2022-11-04T20:52:47.177Z [monitoring-api] info GET /urls - User Id 2181350602051173
2022-11-04T20:52:51.745Z [monitoring-api] info GET /urls - User Id 2181350602051173
2022-11-04T20:52:55.869Z [monitoring-api] info GET /urls - User Id 2181350602051173
2022-11-04T20:53:00.334Z [monitoring-api] info GET /urls - User Id 2181350602051173
2022-11-04T20:53:07.905Z [monitoring-api] info GET /urls - User Id 2181350602051173
2022-11-04T20:53:17.749Z [monitoring-api] info GET /urls - User Id 2181350602051173
2022-11-04T20:53:23.018Z [monitoring-api] info GET /urls - User Id 2181350602051173
2022-11-04T20:56:42.409Z [monitoring-api] info GET /urls - User Id 2181350602051173
2022-11-04T20:56:42.711Z [monitoring-api] info GET /urls - User Id 2181350602051173
2022-11-04T20:58:57.702Z [monitoring-api] info GET /urls - User Id 2181350602051173
2022-11-04T20:58:57.992Z [monitoring-api] info GET /urls - User Id 2181350602051173
2022-11-04T20:59:15.199Z [monitoring-api] info GET /urls - User Id 2181350602051173
2022-11-04T20:59:20.261Z [monitoring-api] info GET /urls - User Id 2181350602051173
2022-11-04T20:59:20.570Z [monitoring-api] info GET /urls - User Id 2181350602051173
2022-11-04T21:07:52.782Z [monitoring-api] info GET /urls - User Id 2181350602051173
2022-11-04T21:07:53.082Z [monitoring-api] info GET /urls - User Id 2181350602051173
2022-11-04T21:09:22.511Z [monitoring-api] info GET /urls - User Id 2181350602051173
2022-11-04T21:09:22.809Z [monitoring-api] info GET /urls - User Id 2181350602051173
2022-11-04T21:15:39.897Z [monitoring-api] info POST /urls - {"url_id":4,"url":"www.google.com","user_id":"2181350602051173","created_at":"2022-11-04T21:15:39.876Z"}
2022-11-04T21:15:47.755Z [monitoring-api] info POST /urls - {"url_id":5,"url":"http://google.com","user_id":"2181350602051173","created_at":"2022-11-04T21:15:47.735Z"}
